<?xml version="1.0" encoding="UTF-8"?>
<testsuite xmlns:xsi="http://www.w3.org/2001/XMLSchema-instance" xsi:noNamespaceSchemaLocation="https://maven.apache.org/surefire/maven-surefire-plugin/xsd/surefire-test-report.xsd" name="com.coxautoinc.codechallenge.SpringWebsocketApplicationTests" time="0.283" tests="3" errors="0" skipped="0" failures="0">
  <properties>
[...]
</properties>
  <testcase name="testControllerMethodNotFound" classname="com.coxautoinc.codechallenge.SpringWebsocketApplicationTests" time="0.111"/>
  <testcase name="testControllerMethod" classname="com.coxautoinc.codechallenge.SpringWebsocketApplicationTests" time="0.168"/>
  <testcase name="contextLoads" classname="com.coxautoinc.codechallenge.SpringWebsocketApplicationTests" time="0.002"/>
</testsuite>